app/build/intermediates/manifest_merge_blame_file/debug/manifest-merger-blame-debug-report.txt
1<?xml version="1.0" encoding="utf-8"?>
2<manifest xmlns:android="http://schemas.android.com/apk/res/android"
3    package="com.stilldeliverys.shopper"
4    android:versionCode="1"
5    android:versionName="1.0" >
6
7    <uses-sdk
8        android:minSdkVersion="15"
8-->src/main/AndroidManifest.xml
9        android:targetSdkVersion="29" />
9-->src/main/AndroidManifest.xml
10    <!--
11        The ACCESS_COARSE/FINE_LOCATION permissions are not required to use
12        Google Maps Android API v2, but you must specify either coarse or fine
13        location permissions for the 'MyLocation' functionality.
14    -->
15    <!--
16         The ACCESS_COARSE/FINE_LOCATION permissions are not required to use
17         Google Maps Android API v2, but you must specify either coarse or fine
18         location permissions for the 'MyLocation' functionality.
19    -->
20    <uses-permission android:name="android.permission.ACCESS_FINE_LOCATION" />
20-->src/main/AndroidManifest.xml:15:5-79
20-->src/main/AndroidManifest.xml:15:22-76
21    <uses-permission android:name="android.permission.WAKE_LOCK" /> <!-- Required for complications to receive complication data and open the provider chooser. -->
21-->src/main/AndroidManifest.xml:16:5-68
21-->src/main/AndroidManifest.xml:16:22-65
22    <uses-permission android:name="com.google.android.wearable.permission.RECEIVE_COMPLICATION_DATA" />
22-->src/main/AndroidManifest.xml:17:5-104
22-->src/main/AndroidManifest.xml:17:22-101
23    <uses-permission android:name="android.permission.FOREGROUND_SERVICE" /> <!-- Include required permissions for Google Mobile Ads to run. -->
23-->src/main/AndroidManifest.xml:18:5-77
23-->src/main/AndroidManifest.xml:18:22-74
24    <uses-permission android:name="android.permission.INTERNET" />
24-->src/main/AndroidManifest.xml:19:5-67
24-->src/main/AndroidManifest.xml:19:22-64
25    <uses-permission android:name="android.permission.ACCESS_NETWORK_STATE" />
25-->src/main/AndroidManifest.xml:20:5-79
25-->src/main/AndroidManifest.xml:20:22-76
26    <uses-permission android:name="android.permission.ACCESS_COARSE_LOCATION" /> <!-- Reading and file writing -->
26-->src/main/AndroidManifest.xml:21:5-81
26-->src/main/AndroidManifest.xml:21:22-78
27    <uses-permission android:name="android.permission.WRITE_EXTERNAL_STORAGE" />
27-->src/main/AndroidManifest.xml:22:5-81
27-->src/main/AndroidManifest.xml:22:22-78
28    <uses-permission android:name="android.permission.CAMERA" />
28-->src/main/AndroidManifest.xml:23:5-65
28-->src/main/AndroidManifest.xml:23:22-62
29    <uses-permission android:name="android.permission.READ_EXTERNAL_STORAGE" />
29-->src/main/AndroidManifest.xml:24:5-80
29-->src/main/AndroidManifest.xml:24:22-77
30    <uses-permission android:name="android.permission.READ_PHONE_STATE" />
30-->src/main/AndroidManifest.xml:25:5-75
30-->src/main/AndroidManifest.xml:25:22-72
31    <uses-permission android:name="android.permission.RECEIVE_BOOT_COMPLETED" />
31-->src/main/AndroidManifest.xml:26:5-81
31-->src/main/AndroidManifest.xml:26:22-78
32    <uses-permission android:name="com.android.launcher.permission.INSTALL_SHORTCUT" />
32-->src/main/AndroidManifest.xml:27:5-88
32-->src/main/AndroidManifest.xml:27:22-85
33    <uses-permission android:name="android.permission.LOCATION_HARDWARE" />
33-->src/main/AndroidManifest.xml:28:5-30:47
33-->src/main/AndroidManifest.xml:29:9-60
34    <uses-permission android:name="android.permission.SYSTEM_ALERT_WINDOW" />
34-->src/main/AndroidManifest.xml:31:5-78
34-->src/main/AndroidManifest.xml:31:22-75
35    <uses-permission android:name="android.permission.VIBRATE" />
35-->[com.wdullaer:materialdatetimepicker:3.2.1] AndroidManifest.xml:26:5-66
35-->[com.wdullaer:materialdatetimepicker:3.2.1] AndroidManifest.xml:26:22-63
36
37    <uses-feature
37-->[com.google.android.gms:play-services-maps:17.0.0] AndroidManifest.xml:26:5-28:35
38        android:glEsVersion="0x00020000"
38-->[com.google.android.gms:play-services-maps:17.0.0] AndroidManifest.xml:27:9-41
39        android:required="true" /> <!-- Required by older versions of Google Play services to create IID tokens -->
39-->[com.google.android.gms:play-services-maps:17.0.0] AndroidManifest.xml:28:9-32
40    <uses-permission android:name="com.google.android.c2dm.permission.RECEIVE" />
40-->[com.google.firebase:firebase-iid:17.0.4] AndroidManifest.xml:26:5-82
40-->[com.google.firebase:firebase-iid:17.0.4] AndroidManifest.xml:26:22-79
41    <uses-permission android:name="android.permission.FLASHLIGHT" /> <!-- Don't require camera, as this requires a rear camera. This allows it to work on the Nexus 7 -->
41-->[com.embarkmobile:zxing-android-minimal:1.2.1] AndroidManifest.xml:21:3-66
41-->[com.embarkmobile:zxing-android-minimal:1.2.1] AndroidManifest.xml:21:20-64
42    <uses-feature
42-->[com.embarkmobile:zxing-android-minimal:1.2.1] AndroidManifest.xml:26:3-82
43        android:name="android.hardware.camera"
43-->[com.embarkmobile:zxing-android-minimal:1.2.1] AndroidManifest.xml:26:17-55
44        android:required="false" />
44-->[com.embarkmobile:zxing-android-minimal:1.2.1] AndroidManifest.xml:26:56-80
45    <uses-feature
45-->[com.embarkmobile:zxing-android-minimal:1.2.1] AndroidManifest.xml:27:3-88
46        android:name="android.hardware.camera.front"
46-->[com.embarkmobile:zxing-android-minimal:1.2.1] AndroidManifest.xml:27:17-61
47        android:required="false" /> <!-- TODO replace above two with next line after Android 4.2 -->
47-->[com.embarkmobile:zxing-android-minimal:1.2.1] AndroidManifest.xml:27:62-86
48    <!-- <uses-feature android:name="android.hardware.camera.any"/> -->
49    <uses-feature
49-->[com.embarkmobile:zxing-android-minimal:1.2.1] AndroidManifest.xml:30:3-92
50        android:name="android.hardware.camera.autofocus"
50-->[com.embarkmobile:zxing-android-minimal:1.2.1] AndroidManifest.xml:30:17-65
51        android:required="false" />
51-->[com.embarkmobile:zxing-android-minimal:1.2.1] AndroidManifest.xml:30:66-90
52    <uses-feature
52-->[com.embarkmobile:zxing-android-minimal:1.2.1] AndroidManifest.xml:31:3-88
53        android:name="android.hardware.camera.flash"
53-->[com.embarkmobile:zxing-android-minimal:1.2.1] AndroidManifest.xml:31:17-61
54        android:required="false" />
54-->[com.embarkmobile:zxing-android-minimal:1.2.1] AndroidManifest.xml:31:62-86
55    <uses-feature
55-->[com.embarkmobile:zxing-android-minimal:1.2.1] AndroidManifest.xml:32:3-93
56        android:name="android.hardware.screen.landscape"
56-->[com.embarkmobile:zxing-android-minimal:1.2.1] AndroidManifest.xml:32:17-65
57        android:required="false" />
57-->[com.embarkmobile:zxing-android-minimal:1.2.1] AndroidManifest.xml:32:66-90
58    <uses-feature
58-->[com.embarkmobile:zxing-android-minimal:1.2.1] AndroidManifest.xml:33:3-80
59        android:name="android.hardware.wifi"
59-->[com.embarkmobile:zxing-android-minimal:1.2.1] AndroidManifest.xml:33:17-53
60        android:required="false" /> <!-- TODO make this not required again after android.hardware.camera.any is available -->
60-->[com.embarkmobile:zxing-android-minimal:1.2.1] AndroidManifest.xml:33:54-78
61    <!-- Donut-specific flags which allow us to run on any dpi screens. -->
62    <supports-screens
62-->[com.embarkmobile:zxing-android-minimal:1.2.1] AndroidManifest.xml:37:3-41:48
63        android:anyDensity="true"
63-->[com.embarkmobile:zxing-android-minimal:1.2.1] AndroidManifest.xml:41:21-46
64        android:largeScreens="true"
64-->[com.embarkmobile:zxing-android-minimal:1.2.1] AndroidManifest.xml:38:21-48
65        android:normalScreens="true"
65-->[com.embarkmobile:zxing-android-minimal:1.2.1] AndroidManifest.xml:39:21-49
66        android:smallScreens="true"
66-->[com.embarkmobile:zxing-android-minimal:1.2.1] AndroidManifest.xml:40:21-48
67        android:xlargeScreens="true" />
67-->[com.embarkmobile:zxing-android-minimal:1.2.1] AndroidManifest.xml:37:21-49
68
69    <application
69-->src/main/AndroidManifest.xml:33:5-92:19
70        android:allowBackup="true"
70-->src/main/AndroidManifest.xml:34:9-35
71        android:appComponentFactory="androidx.core.app.CoreComponentFactory"
71-->[androidx.core:core:1.1.0] AndroidManifest.xml:24:18-86
72        android:debuggable="true"
73        android:icon="@mipmap/ic_launcher"
73-->src/main/AndroidManifest.xml:35:9-43
74        android:label="@string/app_name"
74-->src/main/AndroidManifest.xml:36:9-41
75        android:roundIcon="@mipmap/ic_launcher_round"
75-->src/main/AndroidManifest.xml:37:9-54
76        android:supportsRtl="true"
76-->src/main/AndroidManifest.xml:38:9-35
77        android:testOnly="true"
78        android:theme="@style/AppTheme" >
78-->src/main/AndroidManifest.xml:39:9-40
79        <activity
79-->src/main/AndroidManifest.xml:41:9-111
80            android:name="com.stilldeliverys.shopper.ui.DisplaysTheOrderProducts"
80-->src/main/AndroidManifest.xml:41:19-62
81            android:screenOrientation="portrait" />
81-->src/main/AndroidManifest.xml:41:63-99
82        <activity
82-->src/main/AndroidManifest.xml:42:9-93
83            android:name="com.stilldeliverys.shopper.ui.ShopperSettings"
83-->src/main/AndroidManifest.xml:42:19-53
84            android:screenOrientation="portrait" />
84-->src/main/AndroidManifest.xml:42:54-90
85        <activity
85-->src/main/AndroidManifest.xml:43:9-92
86            android:name="com.stilldeliverys.shopper.ui.DisplaysOrders"
86-->src/main/AndroidManifest.xml:43:19-52
87            android:screenOrientation="portrait" />
87-->src/main/AndroidManifest.xml:43:54-90
88        <activity
88-->src/main/AndroidManifest.xml:44:9-86
89            android:name="com.stilldeliverys.shopper.ui.StartApp"
89-->src/main/AndroidManifest.xml:44:19-46
90            android:screenOrientation="portrait" />
90-->src/main/AndroidManifest.xml:44:48-84
91        <activity
91-->src/main/AndroidManifest.xml:45:9-92
92            android:name="com.stilldeliverys.shopper.ui.DisplayStores"
92-->src/main/AndroidManifest.xml:45:19-51
93            android:screenOrientation="portrait" />
93-->src/main/AndroidManifest.xml:45:53-89
94        <activity android:name="com.stilldeliverys.shopper.ui.MainActivity" >
94-->src/main/AndroidManifest.xml:46:9-57:20
94-->src/main/AndroidManifest.xml:46:19-50
95            <intent-filter>
95-->src/main/AndroidManifest.xml:47:13-51:29
96                <action android:name="android.intent.action.MAIN" />
96-->src/main/AndroidManifest.xml:48:17-69
96-->src/main/AndroidManifest.xml:48:25-66
97
98                <category android:name="android.intent.category.LAUNCHER" />
98-->src/main/AndroidManifest.xml:50:17-77
98-->src/main/AndroidManifest.xml:50:27-74
99            </intent-filter>
100            <intent-filter>
100-->src/main/AndroidManifest.xml:52:13-56:29
101                <action android:name="com.google.zxing.client.android.SCAN" />
101-->src/main/AndroidManifest.xml:53:17-79
101-->src/main/AndroidManifest.xml:53:25-76
102
103                <category android:name="android.intent.category.DEFAULT" />
103-->src/main/AndroidManifest.xml:55:17-76
103-->src/main/AndroidManifest.xml:55:27-73
104            </intent-filter>
105        </activity>
106
107        <uses-library
107-->src/main/AndroidManifest.xml:59:9-61:40
108            android:name="org.apache.http.legacy"
108-->src/main/AndroidManifest.xml:60:13-50
109            android:required="false" />
109-->src/main/AndroidManifest.xml:61:13-37
110        <!--
111             The API key for Google Maps-based APIs is defined as a string resource.
112             (See the file "res/values/google_maps_api.xml").
113             Note that the API key is linked to the encryption key used to sign the APK.
114             You need a different API key for each encryption key, including the release key that is used to
115             sign the APK for publishing.
116             You can define the keys for the debug and release targets in src/debug/ and src/release/.
117        -->
118        <meta-data
118-->src/main/AndroidManifest.xml:70:9-72:55
119            android:name="com.google.android.geo.API_KEY"
119-->src/main/AndroidManifest.xml:71:13-58
120            android:value="@string/google_maps_key" />
120-->src/main/AndroidManifest.xml:72:13-52
121        <meta-data
121-->src/main/AndroidManifest.xml:70:9-72:55
122            android:name="com.google.android.geo.API_KEY"
122-->src/main/AndroidManifest.xml:71:13-58
123            android:value="@string/google_maps_key" />
123-->src/main/AndroidManifest.xml:72:13-52
124        <meta-data
124-->src/main/AndroidManifest.xml:76:9-78:69
125            android:name="com.google.android.gms.version"
125-->src/main/AndroidManifest.xml:77:13-58
126            android:value="@integer/google_play_services_version" />
126-->src/main/AndroidManifest.xml:78:13-66
127        <meta-data
127-->src/main/AndroidManifest.xml:79:9-81:72
128            android:name="io.fabric.ApiKey"
128-->src/main/AndroidManifest.xml:80:13-44
129            android:value="060dbe7279be05c2ff1cf822f8c822c5c82c2492" />
129-->src/main/AndroidManifest.xml:81:13-69
130
131        <provider
132            android:name="androidx.core.content.FileProvider"
132-->src/main/AndroidManifest.xml:84:13-62
133            android:authorities="com.stilldeliverys.shopper.provider"
133-->src/main/AndroidManifest.xml:85:13-60
134            android:exported="false"
134-->src/main/AndroidManifest.xml:86:13-37
135            android:grantUriPermissions="true" >
135-->src/main/AndroidManifest.xml:87:13-47
136            <meta-data
136-->src/main/AndroidManifest.xml:88:13-90:58
137                android:name="android.support.FILE_PROVIDER_PATHS"
137-->src/main/AndroidManifest.xml:89:17-67
138                android:resource="@xml/provider_paths" />
138-->src/main/AndroidManifest.xml:90:17-55
139        </provider>
140        <!--
141             FirebaseMessagingService performs security checks at runtime,
142             no need for explicit permissions despite exported="true"
143        -->
144        <service
144-->[com.google.firebase:firebase-messaging:17.3.4] AndroidManifest.xml:28:9-34:19
145            android:name="com.google.firebase.messaging.FirebaseMessagingService"
145-->[com.google.firebase:firebase-messaging:17.3.4] AndroidManifest.xml:29:13-82
146            android:exported="true" >
146-->[com.google.firebase:firebase-messaging:17.3.4] AndroidManifest.xml:30:13-36
147            <intent-filter android:priority="-500" >
147-->[com.google.firebase:firebase-messaging:17.3.4] AndroidManifest.xml:31:13-33:29
147-->[com.google.firebase:firebase-messaging:17.3.4] AndroidManifest.xml:31:28-51
148                <action android:name="com.google.firebase.MESSAGING_EVENT" />
148-->[com.google.firebase:firebase-messaging:17.3.4] AndroidManifest.xml:32:17-78
148-->[com.google.firebase:firebase-messaging:17.3.4] AndroidManifest.xml:32:25-75
149            </intent-filter>
150        </service>
151        <service
151-->[com.google.firebase:firebase-iid:17.0.4] AndroidManifest.xml:29:9-35:19
152            android:name="com.google.firebase.components.ComponentDiscoveryService"
152-->[com.google.firebase:firebase-iid:17.0.4] AndroidManifest.xml:30:13-84
153            android:exported="false" >
153-->[com.google.firebase:firebase-iid:17.0.4] AndroidManifest.xml:31:13-37
154            <meta-data
154-->[com.google.firebase:firebase-iid:17.0.4] AndroidManifest.xml:32:13-34:85
155                android:name="com.google.firebase.components:com.google.firebase.iid.Registrar"
155-->[com.google.firebase:firebase-iid:17.0.4] AndroidManifest.xml:33:17-96
156                android:value="com.google.firebase.components.ComponentRegistrar" />
156-->[com.google.firebase:firebase-iid:17.0.4] AndroidManifest.xml:34:17-82
157        </service>
158
159        <receiver
159-->[com.google.firebase:firebase-iid:17.0.4] AndroidManifest.xml:37:9-44:20
160            android:name="com.google.firebase.iid.FirebaseInstanceIdReceiver"
160-->[com.google.firebase:firebase-iid:17.0.4] AndroidManifest.xml:38:13-78
161            android:exported="true"
161-->[com.google.firebase:firebase-iid:17.0.4] AndroidManifest.xml:39:13-36
162            android:permission="com.google.android.c2dm.permission.SEND" >
162-->[com.google.firebase:firebase-iid:17.0.4] AndroidManifest.xml:40:13-73
163            <intent-filter>
163-->[com.google.firebase:firebase-iid:17.0.4] AndroidManifest.xml:41:13-43:29
164                <action android:name="com.google.android.c2dm.intent.RECEIVE" />
164-->[com.google.firebase:firebase-iid:17.0.4] AndroidManifest.xml:42:17-81
164-->[com.google.firebase:firebase-iid:17.0.4] AndroidManifest.xml:42:25-78
165            </intent-filter>
166        </receiver>
167        <!--
168             FirebaseInstanceIdService performs security checks at runtime,
169             no need for explicit permissions despite exported="true"
170        -->
171        <service
171-->[com.google.firebase:firebase-iid:17.0.4] AndroidManifest.xml:50:9-56:19
172            android:name="com.google.firebase.iid.FirebaseInstanceIdService"
172-->[com.google.firebase:firebase-iid:17.0.4] AndroidManifest.xml:51:13-77
173            android:exported="true" >
173-->[com.google.firebase:firebase-iid:17.0.4] AndroidManifest.xml:52:13-36
174            <intent-filter android:priority="-500" >
174-->[com.google.firebase:firebase-iid:17.0.4] AndroidManifest.xml:53:13-55:29
174-->[com.google.firebase:firebase-iid:17.0.4] AndroidManifest.xml:53:28-51
175                <action android:name="com.google.firebase.INSTANCE_ID_EVENT" />
175-->[com.google.firebase:firebase-iid:17.0.4] AndroidManifest.xml:54:17-80
175-->[com.google.firebase:firebase-iid:17.0.4] AndroidManifest.xml:54:25-77
176            </intent-filter>
177        </service>
178
179        <activity
179-->[com.google.android.gms:play-services-base:17.0.0] AndroidManifest.xml:23:9-26:75
180            android:name="com.google.android.gms.common.api.GoogleApiActivity"
180-->[com.google.android.gms:play-services-base:17.0.0] AndroidManifest.xml:24:13-79
181            android:exported="false"
181-->[com.google.android.gms:play-services-base:17.0.0] AndroidManifest.xml:25:13-37
182            android:theme="@android:style/Theme.Translucent.NoTitleBar" />
182-->[com.google.android.gms:play-services-base:17.0.0] AndroidManifest.xml:26:13-72
183
184        <provider
184-->[com.google.firebase:firebase-common:16.0.3] AndroidManifest.xml:10:9-14:39
185            android:name="com.google.firebase.provider.FirebaseInitProvider"
185-->[com.google.firebase:firebase-common:16.0.3] AndroidManifest.xml:11:13-77
186            android:authorities="com.stilldeliverys.shopper.firebaseinitprovider"
186-->[com.google.firebase:firebase-common:16.0.3] AndroidManifest.xml:12:13-72
187            android:exported="false"
187-->[com.google.firebase:firebase-common:16.0.3] AndroidManifest.xml:13:13-37
188            android:initOrder="100" />
188-->[com.google.firebase:firebase-common:16.0.3] AndroidManifest.xml:14:13-36
189        <provider
189-->[com.crashlytics.sdk.android:crashlytics:2.7.1] AndroidManifest.xml:12:9-16:39
190            android:name="com.crashlytics.android.CrashlyticsInitProvider"
190-->[com.crashlytics.sdk.android:crashlytics:2.7.1] AndroidManifest.xml:13:13-75
191            android:authorities="com.stilldeliverys.shopper.crashlyticsinitprovider"
191-->[com.crashlytics.sdk.android:crashlytics:2.7.1] AndroidManifest.xml:14:13-75
192            android:exported="false"
192-->[com.crashlytics.sdk.android:crashlytics:2.7.1] AndroidManifest.xml:15:13-37
193            android:initOrder="100" />
193-->[com.crashlytics.sdk.android:crashlytics:2.7.1] AndroidManifest.xml:16:13-36
194
195        <activity
195-->[com.embarkmobile:zxing-android-minimal:1.2.1] AndroidManifest.xml:44:7-340
196            android:name="com.google.zxing.client.android.CaptureActivity"
196-->[com.embarkmobile:zxing-android-minimal:1.2.1] AndroidManifest.xml:44:101-163
197            android:clearTaskOnLaunch="true"
197-->[com.embarkmobile:zxing-android-minimal:1.2.1] AndroidManifest.xml:44:17-49
198            android:configChanges="orientation|keyboardHidden"
198-->[com.embarkmobile:zxing-android-minimal:1.2.1] AndroidManifest.xml:44:50-100
199            android:screenOrientation="landscape"
199-->[com.embarkmobile:zxing-android-minimal:1.2.1] AndroidManifest.xml:44:164-201
200            android:stateNotNeeded="true"
200-->[com.embarkmobile:zxing-android-minimal:1.2.1] AndroidManifest.xml:44:202-231
201            android:theme="@android:style/Theme.NoTitleBar.Fullscreen"
201-->[com.embarkmobile:zxing-android-minimal:1.2.1] AndroidManifest.xml:44:232-290
202            android:windowSoftInputMode="stateAlwaysHidden" />
202-->[com.embarkmobile:zxing-android-minimal:1.2.1] AndroidManifest.xml:44:291-338
203        <activity
203-->[com.embarkmobile:zxing-android-minimal:1.2.1] AndroidManifest.xml:45:7-111
204            android:name="com.google.zxing.client.android.HelpActivity"
204-->[com.embarkmobile:zxing-android-minimal:1.2.1] AndroidManifest.xml:45:17-76
205            android:screenOrientation="user" />
205-->[com.embarkmobile:zxing-android-minimal:1.2.1] AndroidManifest.xml:45:77-109
206    </application>
207
208</manifest>